02/28/2021, 03:39:14 : 765572771605512212 : 467749129641263105 : $bite
02/28/2021, 03:52:42 : 765572771605512212 : 320246577023287299 : $test2 <@!320246577023287299>
02/28/2021, 04:26:32 : 765572771605512212 : 320246577023287299 : $initialize server
02/28/2021, 04:30:48 : 765572771605512212 : 320246577023287299 : $initialize server
02/28/2021, 04:32:00 : 765572771605512212 : 320246577023287299 : $initialize server
02/28/2021, 04:33:01 : 765572771605512212 : 320246577023287299 : $initialize server
02/28/2021, 04:36:12 : 765572771605512212 : 320246577023287299 : $initialize server
02/28/2021, 04:36:17 : 765572771605512212 : 320246577023287299 : $initialize server
02/28/2021, 13:26:17 : 765572771605512212 : 320246577023287299 : $create bankaccount
02/28/2021, 13:27:39 : 765572771605512212 : 320246577023287299 : $create bankaccount
02/28/2021, 13:28:33 : 765572771605512212 : 320246577023287299 : $create bankaccount
02/28/2021, 13:29:32 : 765572771605512212 : 320246577023287299 : $create bankaccount
02/28/2021, 13:32:33 : 765572771605512212 : 320246577023287299 : $create bankaccount
02/28/2021, 13:33:12 : 765572771605512212 : 320246577023287299 : $create bankaccount
02/28/2021, 13:35:11 : 765572771605512212 : 320246577023287299 : $create bankaccount
02/28/2021, 13:38:29 : 765572771605512212 : 320246577023287299 : $create bankaccount
02/28/2021, 13:39:30 : 765572771605512212 : 320246577023287299 : $create bankaccount
02/28/2021, 13:39:54 : 765572771605512212 : 320246577023287299 : $create bankaccount
02/28/2021, 13:41:41 : 765572771605512212 : 467749129641263105 : $create bankaccount
02/28/2021, 13:41:56 : 765572771605512212 : 315193792426803200 : $create bankaccount
02/28/2021, 13:41:56 : 765572771605512212 : 410160770710503425 : $create bankaccount
02/28/2021, 14:08:26 : 765572771605512212 : 320246577023287299 : $list accounts
02/28/2021, 14:33:34 : 765572771605512212 : 320246577023287299 : $create bankaccount
02/28/2021, 14:34:05 : 765572771605512212 : 320246577023287299 : $initialize server
02/28/2021, 14:35:12 : 765572771605512212 : 320246577023287299 : $initialize server
02/28/2021, 14:36:04 : 765572771605512212 : 320246577023287299 : $create bankaccount
02/28/2021, 14:38:07 : 765572771605512212 : 320246577023287299 : $list accounts
02/28/2021, 14:43:07 : 765572771605512212 : 320246577023287299 : $list accounts
02/28/2021, 17:54:28 : 765572771605512212 : 320246577023287299 : $work <#780557263508865054> alala
02/28/2021, 18:05:35 : 765572771605512212 : 320246577023287299 : $settings work <#780557263508865054> 8
02/28/2021, 18:35:11 : 765572771605512212 : 320246577023287299 : $settings work <#780557263508865054> 8
02/28/2021, 18:35:36 : 765572771605512212 : 320246577023287299 : $work
02/28/2021, 18:35:48 : 765572771605512212 : 320246577023287299 : $work
02/28/2021, 18:36:28 : 765572771605512212 : 320246577023287299 : $work
02/28/2021, 18:36:46 : 765572771605512212 : 320246577023287299 : $work
02/28/2021, 18:37:33 : 765572771605512212 : 320246577023287299 : $work
02/28/2021, 18:37:45 : 765572771605512212 : 320246577023287299 : $work
02/28/2021, 18:38:43 : 765572771605512212 : 320246577023287299 : $work
02/28/2021, 18:39:02 : 765572771605512212 : 320246577023287299 : $settings work <#780425228735873035> 8
02/28/2021, 18:39:10 : 765572771605512212 : 320246577023287299 : $work
02/28/2021, 18:39:15 : 765572771605512212 : 320246577023287299 : $work
02/28/2021, 18:40:11 : 765572771605512212 : 320246577023287299 : $work
02/28/2021, 18:41:40 : 765572771605512212 : 320246577023287299 : $work
02/28/2021, 18:42:37 : 765572771605512212 : 320246577023287299 : $work
02/28/2021, 18:43:05 : 765572771605512212 : 320246577023287299 : $work
02/28/2021, 18:43:20 : 765572771605512212 : 320246577023287299 : $work
02/28/2021, 18:44:14 : 765572771605512212 : 320246577023287299 : $work
02/28/2021, 18:44:17 : 765572771605512212 : 320246577023287299 : $work
02/28/2021, 18:44:22 : 765572771605512212 : 320246577023287299 : $list account
02/28/2021, 18:44:26 : 765572771605512212 : 320246577023287299 : $list money
02/28/2021, 18:44:55 : 765572771605512212 : 320246577023287299 : $list top10
02/28/2021, 18:45:33 : 765572771605512212 : 320246577023287299 : $settings work <#780557263508865054> 8
02/28/2021, 18:48:18 : 765572771605512212 : 467749129641263105 : $create bankaccount
02/28/2021, 18:52:40 : 765572771605512212 : 320246577023287299 : $money transfer <@!467749129641263105> 2
02/28/2021, 18:59:32 : 765572771605512212 : 320246577023287299 : $money transfer <@!467749129641263105> 2
02/28/2021, 19:00:10 : 765572771605512212 : 320246577023287299 : $money transfer @Schtroumpf de cro-magnon 2
02/28/2021, 19:02:02 : 765572771605512212 : 320246577023287299 : $money transfer <@!467749129641263105>  2
02/28/2021, 19:03:12 : 765572771605512212 : 320246577023287299 : $money transfer <@!467749129641263105> 2
02/28/2021, 19:04:15 : 765572771605512212 : 320246577023287299 : $list top10
02/28/2021, 20:52:00 : 765572771605512212 : 320246577023287299 : $list top10
02/28/2021, 20:59:12 : 765572771605512212 : 320246577023287299 : $initialize server
02/28/2021, 20:59:22 : 765572771605512212 : 320246577023287299 : $list top10
02/28/2021, 21:17:07 : 765572771605512212 : 320246577023287299 : $bankaccount create
02/28/2021, 21:17:17 : 765572771605512212 : 320246577023287299 : $bankaccount consult
02/28/2021, 21:17:53 : 765572771605512212 : 320246577023287299 : $bankaccount consult
02/28/2021, 21:18:17 : 765572771605512212 : 320246577023287299 : $bankaccount consult
02/28/2021, 21:18:28 : 765572771605512212 : 320246577023287299 : $list top10
02/28/2021, 21:20:13 : 765572771605512212 : 320246577023287299 : $settings work <#780557263508865054> 6
02/28/2021, 21:28:36 : 765572771605512212 : 320246577023287299 : $list top10
02/28/2021, 21:28:42 : 765572771605512212 : 320246577023287299 : $list top10
02/28/2021, 21:28:50 : 765572771605512212 : 320246577023287299 : $list top10
02/28/2021, 21:38:44 : 765572771605512212 : 320246577023287299 : $list top10
02/28/2021, 21:38:50 : 765572771605512212 : 320246577023287299 : $list top10
02/28/2021, 21:39:57 : 765572771605512212 : 689540974158151935 : $list top10
02/28/2021, 21:40:32 : 765572771605512212 : 368425096739815424 : $bankaccount create
02/28/2021, 21:40:42 : 765572771605512212 : 368425096739815424 : $work
02/28/2021, 21:40:42 : 765572771605512212 : 320246577023287299 : $list top10
02/28/2021, 21:40:45 : 765572771605512212 : 689540974158151935 : $bankaccount create
02/28/2021, 21:40:53 : 765572771605512212 : 760912725751758869 : $bankaccount create
02/28/2021, 21:40:57 : 765572771605512212 : 467749129641263105 : $list top10
02/28/2021, 21:41:05 : 765572771605512212 : 219789811806896128 : $bankaccount create
02/28/2021, 21:41:15 : 765572771605512212 : 467749129641263105 : $bankaccount consult
02/28/2021, 21:41:16 : 765572771605512212 : 760912725751758869 : $work
02/28/2021, 21:41:17 : 765572771605512212 : 219789811806896128 : $bankaccount consult
02/28/2021, 21:41:25 : 765572771605512212 : 467749129641263105 : $bankaccount create
02/28/2021, 21:41:31 : 765572771605512212 : 467749129641263105 : $bankaccount consult
02/28/2021, 21:41:42 : 765572771605512212 : 410160770710503425 : $bankaccount consult
02/28/2021, 21:41:45 : 765572771605512212 : 467749129641263105 : $work
02/28/2021, 21:41:54 : 765572771605512212 : 467749129641263105 : $bankaccount consult
02/28/2021, 21:41:54 : 765572771605512212 : 689540974158151935 : $work
02/28/2021, 21:41:56 : 765572771605512212 : 219789811806896128 : $work
02/28/2021, 21:42:02 : 765572771605512212 : 467749129641263105 : $list top10
02/28/2021, 21:44:22 : 765572771605512212 : 689540974158151935 : $bandit jouer 206
02/28/2021, 21:54:11 : 765572771605512212 : 320246577023287299 : $work
02/28/2021, 21:54:25 : 765572771605512212 : 320246577023287299 : $list top10
02/28/2021, 21:56:55 : 765572771605512212 : 278201263882108930 : $bankaccount create
02/28/2021, 21:57:05 : 765572771605512212 : 278201263882108930 : $work
02/28/2021, 21:58:15 : 765572771605512212 : 320246577023287299 : $list top10
02/28/2021, 21:58:22 : 765572771605512212 : 760912725751758869 : $list top10
02/28/2021, 21:59:09 : 765572771605512212 : 320246577023287299 : $list top10
02/28/2021, 21:59:46 : 765572771605512212 : 320246577023287299 : $bankaccount consult
02/28/2021, 21:59:54 : 765572771605512212 : 320246577023287299 : $list top10
02/28/2021, 22:02:12 : 765572771605512212 : 320246577023287299 : $list top10
02/28/2021, 22:55:55 : 765572771605512212 : 320246577023287299 : $work
02/28/2021, 22:59:09 : 765572771605512212 : 320246577023287299 : $bankaccount consult
02/28/2021, 22:59:23 : 765572771605512212 : 320246577023287299 : $list top10
02/28/2021, 23:00:58 : 765572771605512212 : 278201263882108930 : $work
02/28/2021, 23:16:24 : 765572771605512212 : 467749129641263105 : $work
02/28/2021, 23:16:29 : 765572771605512212 : 219789811806896128 : $work
03/01/2021, 01:54:19 : 765572771605512212 : 320246577023287299 : $work
03/01/2021, 07:59:54 : 765572771605512212 : 760912725751758869 : $work
03/01/2021, 09:44:24 : 765572771605512212 : 760912725751758869 : $work
03/01/2021, 11:34:39 : 765572771605512212 : 467749129641263105 : $work
03/01/2021, 11:54:40 : 765572771605512212 : 320246577023287299 : $work
03/01/2021, 11:55:10 : 765572771605512212 : 320246577023287299 : $list top10
03/01/2021, 12:02:54 : 765572771605512212 : 278201263882108930 : $work
03/01/2021, 12:04:44 : 765572771605512212 : 410160770710503425 : $bankaccount consult
03/01/2021, 12:05:58 : 765572771605512212 : 410160770710503425 : $bankaccount create
03/01/2021, 12:06:02 : 765572771605512212 : 410160770710503425 : $bankaccount create
03/01/2021, 12:06:20 : 765572771605512212 : 410160770710503425 : $bankaccount consult
03/01/2021, 12:10:07 : 765572771605512212 : 410160770710503425 : $work
03/01/2021, 12:14:32 : 765572771605512212 : 760912725751758869 : $work
03/01/2021, 13:10:16 : 765572771605512212 : 368425096739815424 : $work
03/01/2021, 13:15:34 : 765572771605512212 : 760912725751758869 : $work
03/01/2021, 13:23:31 : 765572771605512212 : 278201263882108930 : $work
03/01/2021, 13:31:51 : 765572771605512212 : 760912725751758869 : $list top10
03/01/2021, 14:19:03 : 765572771605512212 : 320246577023287299 : $work
03/01/2021, 14:21:34 : 765572771605512212 : 760912725751758869 : $work
03/01/2021, 15:19:58 : 765572771605512212 : 320246577023287299 : $work
03/01/2021, 15:26:10 : 765572771605512212 : 760912725751758869 : $work
03/01/2021, 16:23:59 : 765572771605512212 : 320246577023287299 : $work
03/01/2021, 16:44:14 : 765572771605512212 : 278201263882108930 : $work
03/01/2021, 16:45:07 : 765572771605512212 : 320246577023287299 : $list top10
03/01/2021, 16:48:06 : 765572771605512212 : 760912725751758869 : $work
03/01/2021, 17:24:02 : 765572771605512212 : 320246577023287299 : $work
03/01/2021, 17:24:53 : 765572771605512212 : 760912725751758869 : $list top10
03/01/2021, 17:44:32 : 765572771605512212 : 278201263882108930 : $work
03/01/2021, 17:48:16 : 765572771605512212 : 760912725751758869 : $work
03/01/2021, 18:14:06 : 765572771605512212 : 522680724101267467 : $bankaccount create
03/01/2021, 18:14:24 : 765572771605512212 : 522680724101267467 : $work
03/01/2021, 18:21:24 : 765572771605512212 : 368425096739815424 : $work
03/01/2021, 18:24:06 : 765572771605512212 : 320246577023287299 : $work
03/01/2021, 19:35:52 : 765572771605512212 : 320246577023287299 : $work
03/01/2021, 19:36:02 : 765572771605512212 : 320246577023287299 : $list top10
03/01/2021, 19:36:30 : 765572771605512212 : 760912725751758869 : $work
03/01/2021, 19:39:46 : 765572771605512212 : 522680724101267467 : $work
03/01/2021, 19:58:14 : 765572771605512212 : 278201263882108930 : $work
03/01/2021, 20:03:26 : 765572771605512212 : 368425096739815424 : $work
03/01/2021, 20:04:08 : 765572771605512212 : 368425096739815424 : $listtop10
03/01/2021, 20:04:25 : 765572771605512212 : 368425096739815424 : $list top 10
03/01/2021, 20:04:36 : 765572771605512212 : 368425096739815424 : $list top10
03/01/2021, 20:43:32 : 765572771605512212 : 320246577023287299 : $work
03/01/2021, 20:53:39 : 765572771605512212 : 760912725751758869 : $work
03/01/2021, 21:43:16 : 765572771605512212 : 320246577023287299 : $work
03/01/2021, 21:57:23 : 765572771605512212 : 368425096739815424 : $work
03/01/2021, 22:04:28 : 765572771605512212 : 760912725751758869 : $work
03/01/2021, 22:47:22 : 765572771605512212 : 320246577023287299 : $work
03/01/2021, 22:48:48 : 765572771605512212 : 320246577023287299 : $list top10
03/01/2021, 22:49:10 : 765572771605512212 : 522680724101267467 : $work
03/01/2021, 23:01:15 : 765572771605512212 : 278201263882108930 : $work
03/01/2021, 23:14:47 : 765572771605512212 : 760912725751758869 : $list top10
03/01/2021, 23:56:35 : 765572771605512212 : 320246577023287299 : $work
03/02/2021, 00:19:07 : 765572771605512212 : 278201263882108930 : $work
03/02/2021, 00:48:17 : 765572771605512212 : 522680724101267467 : $work
03/02/2021, 00:56:55 : 765572771605512212 : 320246577023287299 : $work
03/02/2021, 00:57:05 : 765572771605512212 : 320246577023287299 : $list top10
03/02/2021, 02:03:16 : 765572771605512212 : 320246577023287299 : $work
03/02/2021, 05:56:56 : 765572771605512212 : 320246577023287299 : $work
03/02/2021, 08:57:31 : 765572771605512212 : 760912725751758869 : $work
03/02/2021, 09:02:31 : 765572771605512212 : 278201263882108930 : $work
03/02/2021, 09:58:45 : 765572771605512212 : 760912725751758869 : $work
03/02/2021, 10:15:23 : 765572771605512212 : 320246577023287299 : $work
03/02/2021, 11:03:54 : 765572771605512212 : 760912725751758869 : $work
03/02/2021, 11:04:01 : 765572771605512212 : 760912725751758869 : $list top10
03/02/2021, 11:04:15 : 765572771605512212 : 278201263882108930 : $work
03/02/2021, 11:53:42 : 765572771605512212 : 320246577023287299 : $work
03/02/2021, 12:11:43 : 765572771605512212 : 278201263882108930 : $work
03/02/2021, 12:19:39 : 765572771605512212 : 467749129641263105 : $work
03/02/2021, 12:29:32 : 765572771605512212 : 760912725751758869 : $work
03/02/2021, 13:33:20 : 765572771605512212 : 760912725751758869 : $work
03/02/2021, 13:37:57 : 765572771605512212 : 278201263882108930 : $work
03/02/2021, 13:38:04 : 765572771605512212 : 278201263882108930 : $work
03/02/2021, 13:38:14 : 765572771605512212 : 278201263882108930 : $work
03/02/2021, 13:39:58 : 765572771605512212 : 320246577023287299 : $work
03/02/2021, 14:36:36 : 765572771605512212 : 760912725751758869 : $work
03/02/2021, 14:40:09 : 765572771605512212 : 320246577023287299 : $work
03/02/2021, 14:42:02 : 765572771605512212 : 760912725751758869 : $list top10
03/02/2021, 14:42:19 : 765572771605512212 : 278201263882108930 : $work
03/02/2021, 15:40:12 : 765572771605512212 : 320246577023287299 : $work
03/02/2021, 15:41:07 : 765572771605512212 : 760912725751758869 : $work
03/02/2021, 15:58:20 : 765572771605512212 : 278201263882108930 : $work
03/02/2021, 16:14:36 : 765572771605512212 : 368425096739815424 : $work
03/02/2021, 17:07:46 : 765572771605512212 : 760912725751758869 : $work
03/02/2021, 17:07:57 : 765572771605512212 : 278201263882108930 : $work
03/02/2021, 17:10:01 : 765572771605512212 : 320246577023287299 : $work
03/02/2021, 18:10:04 : 765572771605512212 : 320246577023287299 : $work
03/02/2021, 18:10:27 : 765572771605512212 : 760912725751758869 : $work
03/02/2021, 18:14:45 : 765572771605512212 : 316984092262662146 : $work
03/02/2021, 18:26:34 : 765572771605512212 : 278201263882108930 : $work
03/02/2021, 18:36:28 : 765572771605512212 : 320246577023287299 : $list top10
03/02/2021, 18:44:59 : 765572771605512212 : 316984092262662146 : $bankaccount create
03/02/2021, 19:10:00 : 765572771605512212 : 320246577023287299 : $work
03/02/2021, 19:11:10 : 765572771605512212 : 760912725751758869 : $work
03/02/2021, 19:59:15 : 765572771605512212 : 368425096739815424 : $work
03/02/2021, 20:10:00 : 765572771605512212 : 320246577023287299 : $work
03/02/2021, 20:17:57 : 765572771605512212 : 760912725751758869 : $work
03/02/2021, 20:19:57 : 765572771605512212 : 278201263882108930 : $work
03/02/2021, 20:22:30 : 765572771605512212 : 219789811806896128 : $work
03/02/2021, 21:10:42 : 765572771605512212 : 320246577023287299 : $work
03/02/2021, 21:15:31 : 765572771605512212 : 368425096739815424 : $work
03/02/2021, 21:22:44 : 765572771605512212 : 760912725751758869 : $work
03/02/2021, 22:10:17 : 765572771605512212 : 320246577023287299 : $work
03/02/2021, 22:52:56 : 765572771605512212 : 368425096739815424 : $work
03/02/2021, 22:55:15 : 765572771605512212 : 760912725751758869 : $work
03/02/2021, 23:10:08 : 765572771605512212 : 320246577023287299 : $work
03/03/2021, 00:10:14 : 765572771605512212 : 320246577023287299 : $work
03/03/2021, 01:10:44 : 765572771605512212 : 320246577023287299 : $work
03/03/2021, 02:15:02 : 765572771605512212 : 320246577023287299 : $work
03/03/2021, 02:48:06 : 765572771605512212 : 219789811806896128 : $work
03/03/2021, 08:27:53 : 765572771605512212 : 760912725751758869 : $work
03/03/2021, 08:58:16 : 765572771605512212 : 320246577023287299 : $work
03/03/2021, 10:32:36 : 765572771605512212 : 316984092262662146 : $work
03/03/2021, 10:57:06 : 765572771605512212 : 760912725751758869 : $work
03/03/2021, 11:14:02 : 765572771605512212 : 320246577023287299 : $work
03/03/2021, 11:28:13 : 765572771605512212 : 368425096739815424 : $work
03/03/2021, 11:28:24 : 765572771605512212 : 368425096739815424 : $list top10
03/03/2021, 12:46:02 : 765572771605512212 : 320246577023287299 : $work
03/03/2021, 13:32:28 : 765572771605512212 : 760912725751758869 : $work
03/03/2021, 13:46:38 : 765572771605512212 : 320246577023287299 : $work
03/03/2021, 14:13:05 : 765572771605512212 : 368425096739815424 : $work
03/03/2021, 14:34:05 : 765572771605512212 : 760912725751758869 : $work
03/03/2021, 15:02:40 : 765572771605512212 : 320246577023287299 : $work
03/03/2021, 15:14:46 : 765572771605512212 : 278201263882108930 : $work
03/03/2021, 15:21:13 : 765572771605512212 : 316984092262662146 : $work
03/03/2021, 16:19:30 : 765572771605512212 : 760912725751758869 : $work
03/03/2021, 16:48:11 : 765572771605512212 : 320246577023287299 : $work
03/03/2021, 17:01:49 : 765572771605512212 : 320246577023287299 : $list top10
03/03/2021, 17:01:59 : 765572771605512212 : 278201263882108930 : $work
03/03/2021, 17:24:56 : 765572771605512212 : 368425096739815424 : $work
03/03/2021, 17:25:30 : 765572771605512212 : 760912725751758869 : $work
03/03/2021, 17:31:51 : 765572771605512212 : 316984092262662146 : $work
03/03/2021, 17:52:41 : 765572771605512212 : 320246577023287299 : $work
03/03/2021, 19:51:01 : 765572771605512212 : 760912725751758869 : $work
03/03/2021, 19:57:37 : 765572771605512212 : 316984092262662146 : $work
03/03/2021, 20:03:59 : 765572771605512212 : 368425096739815424 : $work
03/03/2021, 20:11:24 : 765572771605512212 : 320246577023287299 : $work
03/03/2021, 20:20:39 : 765572771605512212 : 278201263882108930 : $work
03/03/2021, 20:59:03 : 765572771605512212 : 760912725751758869 : $work
03/03/2021, 20:59:14 : 765572771605512212 : 760912725751758869 : $list top10
03/03/2021, 21:11:18 : 765572771605512212 : 320246577023287299 : $work
03/03/2021, 21:59:13 : 765572771605512212 : 760912725751758869 : $work
03/03/2021, 22:11:17 : 765572771605512212 : 320246577023287299 : $work
03/03/2021, 23:29:17 : 765572771605512212 : 368425096739815424 : $work
03/03/2021, 23:32:52 : 765572771605512212 : 320246577023287299 : $work
03/03/2021, 23:44:16 : 765572771605512212 : 278201263882108930 : $work
03/04/2021, 06:18:00 : 765572771605512212 : 320246577023287299 : $work
03/04/2021, 08:54:28 : 765572771605512212 : 320246577023287299 : $work
03/04/2021, 09:16:30 : 765572771605512212 : 760912725751758869 : $work
03/04/2021, 10:29:17 : 765572771605512212 : 278201263882108930 : $work
03/04/2021, 10:34:52 : 765572771605512212 : 320246577023287299 : $work
03/04/2021, 10:39:20 : 765572771605512212 : 316984092262662146 : $work
03/04/2021, 10:46:14 : 765572771605512212 : 760912725751758869 : $work
03/04/2021, 11:10:42 : 765572771605512212 : 467749129641263105 : $work
03/04/2021, 12:01:13 : 765572771605512212 : 320246577023287299 : $work
03/04/2021, 12:01:59 : 765572771605512212 : 316984092262662146 : $work
03/04/2021, 12:15:29 : 765572771605512212 : 320246577023287299 : $list top10 on s'arrête là ou on continue <@760912725751758869> ?
03/04/2021, 12:36:35 : 765572771605512212 : 278201263882108930 : $work
03/04/2021, 12:42:12 : 765572771605512212 : 760912725751758869 : $work
03/04/2021, 13:35:37 : 765572771605512212 : 320246577023287299 : $work
03/04/2021, 13:42:40 : 765572771605512212 : 760912725751758869 : $work
03/04/2021, 13:55:15 : 765572771605512212 : 316984092262662146 : $work
03/04/2021, 15:10:44 : 765572771605512212 : 278201263882108930 : $work
03/04/2021, 15:13:34 : 765572771605512212 : 320246577023287299 : $work
03/04/2021, 15:16:12 : 765572771605512212 : 368425096739815424 : $work
03/04/2021, 15:45:06 : 765572771605512212 : 760912725751758869 : $work
03/04/2021, 15:46:39 : 765572771605512212 : 316984092262662146 : $work
03/04/2021, 15:48:50 : 765572771605512212 : 760912725751758869 : $list top10
03/04/2021, 16:10:52 : 765572771605512212 : 278201263882108930 : $work
03/04/2021, 16:19:35 : 765572771605512212 : 368425096739815424 : $work
03/04/2021, 16:40:32 : 765572771605512212 : 320246577023287299 : $work
03/04/2021, 16:40:59 : 765572771605512212 : 320246577023287299 : $stock create UBI.PA ubisoft
03/04/2021, 16:41:39 : 765572771605512212 : 320246577023287299 : $stock create UBI.PA ubisoft
03/04/2021, 16:44:09 : 765572771605512212 : 320246577023287299 : $stock create APPL apple
03/04/2021, 16:45:05 : 765572771605512212 : 320246577023287299 : $stock create AMZN amazon
03/04/2021, 16:45:57 : 765572771605512212 : 320246577023287299 : $stock create AF.PA air-france-klm
03/04/2021, 16:46:39 : 765572771605512212 : 320246577023287299 : $stock create TOT total
03/04/2021, 16:47:29 : 765572771605512212 : 320246577023287299 : $stock create KO coca-cola-company
03/04/2021, 16:47:56 : 765572771605512212 : 320246577023287299 : $stock create TSLA tesla
03/04/2021, 16:50:51 : 765572771605512212 : 320246577023287299 : $stock create GME gamestop
03/04/2021, 17:23:18 : 765572771605512212 : 320246577023287299 : $stock graph UBI.PA
03/04/2021, 17:33:56 : 765572771605512212 : 316984092262662146 : $work
03/04/2021, 17:37:29 : 765572771605512212 : 320246577023287299 : $stock graph UBI.PA
03/04/2021, 17:39:02 : 765572771605512212 : 760912725751758869 : $work
03/04/2021, 17:41:31 : 765572771605512212 : 320246577023287299 : $work
03/04/2021, 17:42:41 : 765572771605512212 : 320246577023287299 : $stock graph UBI.PA
03/04/2021, 17:46:10 : 765572771605512212 : 320246577023287299 : $stock graph UBI.PA
03/04/2021, 17:48:57 : 765572771605512212 : 320246577023287299 : $stock graph TOT
03/04/2021, 17:49:09 : 765572771605512212 : 278201263882108930 : $work
03/04/2021, 17:50:25 : 765572771605512212 : 278201263882108930 : $stock graph TOT
03/04/2021, 17:50:40 : 765572771605512212 : 278201263882108930 : $stock graph UBI
03/04/2021, 17:51:27 : 765572771605512212 : 320246577023287299 : $stock graph UBI.PA
03/04/2021, 18:11:30 : 765572771605512212 : 320246577023287299 : $stock list
03/04/2021, 18:13:30 : 765572771605512212 : 320246577023287299 : $stock list
03/04/2021, 18:13:58 : 765572771605512212 : 320246577023287299 : $stock list
03/04/2021, 18:14:16 : 765572771605512212 : 320246577023287299 : $stock list
03/04/2021, 18:15:45 : 765572771605512212 : 320246577023287299 : $stock list
03/04/2021, 18:17:09 : 765572771605512212 : 320246577023287299 : $stock list
03/04/2021, 18:17:41 : 765572771605512212 : 320246577023287299 : $stock list
03/04/2021, 18:21:30 : 765572771605512212 : 320246577023287299 : $stock list
03/04/2021, 18:23:20 : 765572771605512212 : 320246577023287299 : $stock list
03/04/2021, 18:27:29 : 765572771605512212 : 320246577023287299 : $stock list
03/04/2021, 18:28:26 : 765572771605512212 : 320246577023287299 : $stock list
03/04/2021, 18:29:27 : 765572771605512212 : 320246577023287299 : $stock list
03/04/2021, 18:31:40 : 765572771605512212 : 320246577023287299 : $stock list
03/04/2021, 18:32:40 : 765572771605512212 : 320246577023287299 : $stock list
03/04/2021, 18:34:13 : 765572771605512212 : 320246577023287299 : $stock list
03/04/2021, 18:35:09 : 765572771605512212 : 320246577023287299 : $stock list
03/04/2021, 18:37:52 : 765572771605512212 : 320246577023287299 : $stock list
03/04/2021, 18:39:00 : 765572771605512212 : 320246577023287299 : $stock list
03/04/2021, 18:39:59 : 765572771605512212 : 320246577023287299 : $stock list
03/04/2021, 18:41:50 : 765572771605512212 : 760912725751758869 : $work
03/04/2021, 18:44:05 : 765572771605512212 : 320246577023287299 : $work
03/04/2021, 18:44:33 : 765572771605512212 : 320246577023287299 : $stock graph GME
03/04/2021, 18:47:02 : 765572771605512212 : 320246577023287299 : $stock graph GME
03/04/2021, 19:18:47 : 765572771605512212 : 320246577023287299 : $stock buy AF.PA 1
03/04/2021, 19:19:44 : 765572771605512212 : 320246577023287299 : $bankaccount consult
03/04/2021, 19:19:55 : 765572771605512212 : 320246577023287299 : $stock buy AF.PA 1
03/04/2021, 19:20:45 : 765572771605512212 : 320246577023287299 : $stock buy AF.PA 1
03/04/2021, 19:23:33 : 765572771605512212 : 320246577023287299 : $stock buy AF.PA 1
03/04/2021, 19:24:12 : 765572771605512212 : 320246577023287299 : $stock buy AF.PA 1
03/04/2021, 19:25:01 : 765572771605512212 : 320246577023287299 : $stock buy AF.PA 1
03/04/2021, 19:26:09 : 765572771605512212 : 320246577023287299 : $stock buy AF.PA 1
03/04/2021, 19:27:26 : 765572771605512212 : 320246577023287299 : $bankaccount consult
03/04/2021, 19:27:33 : 765572771605512212 : 320246577023287299 : $stock buy AF.PA 1
03/04/2021, 19:28:14 : 765572771605512212 : 320246577023287299 : $stock buy AF.PA 1
03/04/2021, 19:30:02 : 765572771605512212 : 320246577023287299 : $stock buy AF.PA 1
03/04/2021, 19:34:23 : 765572771605512212 : 278201263882108930 : $work
03/04/2021, 19:41:54 : 765572771605512212 : 320246577023287299 : $stock list
03/04/2021, 19:42:36 : 765572771605512212 : 320246577023287299 : $stock graph AF.PA
03/04/2021, 19:43:23 : 765572771605512212 : 278201263882108930 : $stock list
03/04/2021, 19:45:49 : 765572771605512212 : 320246577023287299 : $stock create EURUSD=X euro/usd
03/04/2021, 19:45:57 : 765572771605512212 : 320246577023287299 : $stock list
03/04/2021, 19:47:44 : 765572771605512212 : 320246577023287299 : $stock sell AF.PA 1
03/04/2021, 19:49:41 : 765572771605512212 : 320246577023287299 : $stock sell AF.PA 1
03/04/2021, 19:50:33 : 765572771605512212 : 320246577023287299 : $stock sell AF.PA 1
03/04/2021, 19:51:03 : 765572771605512212 : 320246577023287299 : $stock sell AF.PA 1
03/04/2021, 20:01:57 : 765572771605512212 : 760912725751758869 : $work
03/04/2021, 20:03:14 : 765572771605512212 : 320246577023287299 : $stock wallet
03/04/2021, 20:03:45 : 765572771605512212 : 320246577023287299 : $stock wallet
03/04/2021, 20:03:56 : 765572771605512212 : 320246577023287299 : $work
03/04/2021, 20:17:13 : 765572771605512212 : 320246577023287299 : $stock buy EURUSD=X 10
03/04/2021, 20:17:20 : 765572771605512212 : 320246577023287299 : $stock wallet
03/04/2021, 20:17:28 : 765572771605512212 : 320246577023287299 : $stock list
03/04/2021, 20:17:50 : 765572771605512212 : 320246577023287299 : $bankaccount consult
03/04/2021, 20:18:43 : 765572771605512212 : 320246577023287299 : $stock sell EURUSD=X 10
03/04/2021, 20:18:53 : 765572771605512212 : 320246577023287299 : $bankaccount consult
03/04/2021, 20:19:34 : 765572771605512212 : 320246577023287299 : $stock sell AF.PA 1
03/04/2021, 20:19:45 : 765572771605512212 : 320246577023287299 : $bankaccount consult
03/04/2021, 20:19:59 : 765572771605512212 : 320246577023287299 : $list top10
03/04/2021, 20:21:15 : 765572771605512212 : 320246577023287299 : $list top10
03/04/2021, 20:23:08 : 765572771605512212 : 320246577023287299 : $stock list
03/04/2021, 20:24:44 : 765572771605512212 : 320246577023287299 : $stock buy TOT 2
03/04/2021, 20:27:44 : 765572771605512212 : 320246577023287299 : $stock list
03/04/2021, 20:28:07 : 765572771605512212 : 320246577023287299 : $stock sell TOT 2
03/04/2021, 20:28:19 : 765572771605512212 : 320246577023287299 : $bankaccount consult
03/04/2021, 20:30:14 : 765572771605512212 : 320246577023287299 : $stock graph TOT
03/04/2021, 20:34:59 : 765572771605512212 : 320246577023287299 : $stock list
03/04/2021, 20:35:19 : 765572771605512212 : 320246577023287299 : $stock graph AAPL
03/04/2021, 20:39:36 : 765572771605512212 : 219789811806896128 : $work
03/04/2021, 20:39:41 : 765572771605512212 : 278201263882108930 : $stock buy KO 250
03/04/2021, 20:39:55 : 765572771605512212 : 278201263882108930 : $stock buy KO 6
03/04/2021, 20:40:34 : 765572771605512212 : 278201263882108930 : $work
03/04/2021, 20:50:02 : 765572771605512212 : 278201263882108930 : $stock buy KO 6
03/04/2021, 21:14:58 : 765572771605512212 : 320246577023287299 : $list top10
03/04/2021, 21:15:19 : 765572771605512212 : 320246577023287299 : $stock list
03/04/2021, 21:15:56 : 765572771605512212 : 316984092262662146 : $work
03/04/2021, 21:16:05 : 765572771605512212 : 320246577023287299 : $work
03/04/2021, 21:16:18 : 765572771605512212 : 320246577023287299 : $stock graph KO
03/04/2021, 21:22:49 : 765572771605512212 : 320246577023287299 : $stock buy AF.PA 1
03/04/2021, 21:23:07 : 765572771605512212 : 320246577023287299 : $stock sell AF.PA 1
03/04/2021, 21:27:40 : 765572771605512212 : 320246577023287299 : $stock value KO
03/04/2021, 21:27:59 : 765572771605512212 : 278201263882108930 : $stock value KO
03/04/2021, 21:33:48 : 765572771605512212 : 320246577023287299 : $stock list
03/04/2021, 21:35:14 : 765572771605512212 : 320246577023287299 : $stock graph AMZN
03/04/2021, 21:44:22 : 765572771605512212 : 278201263882108930 : $stock list
03/04/2021, 21:44:42 : 765572771605512212 : 278201263882108930 : $stock sell KO 6
03/04/2021, 21:45:08 : 765572771605512212 : 278201263882108930 : $money wallet
03/04/2021, 21:45:31 : 765572771605512212 : 278201263882108930 : $bankaccount consult
03/04/2021, 21:49:35 : 765572771605512212 : 320246577023287299 : $stock wallet
03/04/2021, 22:04:51 : 765572771605512212 : 320246577023287299 : $stock list
03/04/2021, 22:09:35 : 765572771605512212 : 467749129641263105 : $work
03/04/2021, 22:16:20 : 765572771605512212 : 320246577023287299 : $work
03/04/2021, 22:17:42 : 765572771605512212 : 320246577023287299 : $stock list
03/04/2021, 22:19:36 : 765572771605512212 : 320246577023287299 : $bankaccount consult
03/04/2021, 22:20:00 : 765572771605512212 : 320246577023287299 : $stock graph UBI.PA
03/04/2021, 22:21:29 : 765572771605512212 : 320246577023287299 : $stock graphAF.PA
03/04/2021, 22:21:53 : 765572771605512212 : 320246577023287299 : $stock graph AF.PA
03/04/2021, 22:22:46 : 765572771605512212 : 320246577023287299 : $stock graph KO
03/04/2021, 22:22:53 : 765572771605512212 : 320246577023287299 : $stock graph TOT
03/04/2021, 22:23:12 : 765572771605512212 : 320246577023287299 : $stock value KO
03/04/2021, 22:23:34 : 765572771605512212 : 320246577023287299 : $stock buy KO 5
03/04/2021, 22:23:44 : 765572771605512212 : 320246577023287299 : $stock wallet
03/04/2021, 22:34:05 : 765572771605512212 : 320246577023287299 : $stock wallet
03/04/2021, 22:34:19 : 765572771605512212 : 219789811806896128 : $work
03/04/2021, 22:34:36 : 765572771605512212 : 320246577023287299 : $stock list
03/04/2021, 22:35:07 : 765572771605512212 : 760912725751758869 : $work
03/04/2021, 22:36:28 : 765572771605512212 : 368425096739815424 : $work
03/04/2021, 22:39:10 : 765572771605512212 : 320246577023287299 : $stock value KO
03/04/2021, 22:44:11 : 765572771605512212 : 320246577023287299 : $stock value EURUSD=X
03/04/2021, 22:47:07 : 765572771605512212 : 320246577023287299 : $stock list
03/04/2021, 23:05:13 : 765572771605512212 : 278201263882108930 : $work
03/04/2021, 23:44:06 : 765572771605512212 : 316984092262662146 : $work
03/04/2021, 23:51:53 : 765572771605512212 : 320246577023287299 : $work
03/05/2021, 00:33:12 : 765572771605512212 : 219789811806896128 : $work
03/05/2021, 00:59:16 : 765572771605512212 : 368425096739815424 : $work
03/05/2021, 01:05:46 : 765572771605512212 : 320246577023287299 : $work
03/05/2021, 07:39:01 : 765572771605512212 : 320246577023287299 : $work
03/05/2021, 07:42:26 : 765572771605512212 : 760912725751758869 : $work
03/05/2021, 09:10:28 : 765572771605512212 : 368425096739815424 : $work
03/05/2021, 09:17:19 : 765572771605512212 : 219789811806896128 : $work
03/05/2021, 09:19:37 : 765572771605512212 : 219789811806896128 : $bankaccount consult
03/05/2021, 09:37:50 : 765572771605512212 : 320246577023287299 : $work
03/05/2021, 09:38:13 : 765572771605512212 : 320246577023287299 : $stock list
03/05/2021, 09:38:31 : 765572771605512212 : 278201263882108930 : $work
03/05/2021, 10:17:58 : 765572771605512212 : 316984092262662146 : $work
03/05/2021, 10:24:11 : 765572771605512212 : 320246577023287299 : $stock value KO
03/05/2021, 10:25:59 : 765572771605512212 : 320246577023287299 : $list top10
03/05/2021, 10:26:16 : 765572771605512212 : 320246577023287299 : $stock wallet
03/05/2021, 10:28:42 : 765572771605512212 : 219789811806896128 : $work
03/05/2021, 10:47:01 : 765572771605512212 : 320246577023287299 : $work
03/05/2021, 10:50:43 : 765572771605512212 : 320246577023287299 : $stock value AF.PA
03/05/2021, 10:51:18 : 765572771605512212 : 320246577023287299 : $stock value UBI.PA
03/05/2021, 10:57:49 : 765572771605512212 : 320246577023287299 : $stock value UBI.PA
03/05/2021, 11:28:47 : 765572771605512212 : 219789811806896128 : $work
03/05/2021, 11:50:30 : 765572771605512212 : 316984092262662146 : $work
03/05/2021, 12:11:32 : 765572771605512212 : 320246577023287299 : $work
03/05/2021, 12:11:45 : 765572771605512212 : 320246577023287299 : $stock value KO
03/05/2021, 12:48:02 : 765572771605512212 : 368425096739815424 : $work
03/05/2021, 12:50:05 : 765572771605512212 : 320246577023287299 : $stock value KO
03/05/2021, 12:50:09 : 765572771605512212 : 219789811806896128 : $work
03/05/2021, 13:11:24 : 765572771605512212 : 320246577023287299 : $work
03/05/2021, 13:27:52 : 765572771605512212 : 316984092262662146 : $work
03/05/2021, 14:03:13 : 765572771605512212 : 278201263882108930 : $work
03/05/2021, 14:13:41 : 765572771605512212 : 368425096739815424 : $work
03/05/2021, 14:26:51 : 765572771605512212 : 320246577023287299 : $work
03/05/2021, 14:27:18 : 765572771605512212 : 320246577023287299 : $stock value KO
03/05/2021, 15:19:44 : 765572771605512212 : 760912725751758869 : $work
03/05/2021, 15:32:02 : 765572771605512212 : 320246577023287299 : $work
03/05/2021, 15:32:20 : 765572771605512212 : 320246577023287299 : $stock value KO
03/05/2021, 15:41:44 : 765572771605512212 : 316984092262662146 : $work
03/05/2021, 16:07:04 : 765572771605512212 : 320246577023287299 : $stock graph KO
03/05/2021, 16:12:05 : 765572771605512212 : 368425096739815424 : $work
03/05/2021, 16:12:36 : 765572771605512212 : 320246577023287299 : $stock graph KO
03/05/2021, 16:13:26 : 765572771605512212 : 320246577023287299 : $stock sell KO 5
03/05/2021, 16:13:45 : 765572771605512212 : 320246577023287299 : $bankaccount consult
03/05/2021, 16:14:10 : 765572771605512212 : 320246577023287299 : $stock graph KO
03/05/2021, 16:15:16 : 765572771605512212 : 320246577023287299 : $stock list
03/05/2021, 16:16:47 : 765572771605512212 : 320246577023287299 : $stock buy AF.PA 50
03/05/2021, 16:18:28 : 765572771605512212 : 320246577023287299 : $stock create CL=F Crude_Oil
03/05/2021, 16:20:04 : 765572771605512212 : 320246577023287299 : $stock value AF.PA
03/05/2021, 16:20:17 : 765572771605512212 : 760912725751758869 : $work
03/05/2021, 16:20:40 : 765572771605512212 : 320246577023287299 : $stock graph CL=F
03/05/2021, 16:24:09 : 765572771605512212 : 320246577023287299 : $stock value AF.PA
03/05/2021, 16:26:05 : 765572771605512212 : 320246577023287299 : $stock value AF.PA
03/05/2021, 16:26:37 : 765572771605512212 : 320246577023287299 : $stock sell AF.PA 50
03/05/2021, 16:30:16 : 765572771605512212 : 320246577023287299 : $stock buy AAPL 2
03/05/2021, 16:32:44 : 765572771605512212 : 320246577023287299 : $stock graph AAPL
03/05/2021, 16:35:33 : 765572771605512212 : 320246577023287299 : $stock sell AAPL 2
03/05/2021, 16:37:30 : 765572771605512212 : 320246577023287299 : $stock value CL=F
03/05/2021, 16:38:10 : 765572771605512212 : 320246577023287299 : $stock wallet
03/05/2021, 16:38:18 : 765572771605512212 : 320246577023287299 : $work
03/05/2021, 16:38:27 : 765572771605512212 : 320246577023287299 : $bankaccount consult
03/05/2021, 16:38:33 : 765572771605512212 : 320246577023287299 : $list top10
03/05/2021, 16:50:53 : 765572771605512212 : 320246577023287299 : $stock value APPL
03/05/2021, 16:51:13 : 765572771605512212 : 320246577023287299 : $stock value AAPL
03/05/2021, 16:59:06 : 765572771605512212 : 320246577023287299 : $stock buy AAPL 4
03/05/2021, 17:12:17 : 765572771605512212 : 278201263882108930 : $work
03/05/2021, 17:48:58 : 765572771605512212 : 320246577023287299 : $stock wallet
03/05/2021, 17:49:18 : 765572771605512212 : 320246577023287299 : $stock graph KO
03/05/2021, 17:49:25 : 765572771605512212 : 320246577023287299 : $stock graph AAPL
03/05/2021, 17:50:02 : 765572771605512212 : 320246577023287299 : $work
03/05/2021, 17:51:02 : 765572771605512212 : 760912725751758869 : $work
03/05/2021, 18:52:10 : 765572771605512212 : 368425096739815424 : $work
03/05/2021, 19:02:40 : 765572771605512212 : 320246577023287299 : $work
03/05/2021, 19:02:56 : 765572771605512212 : 320246577023287299 : $stock graph AAPL
03/05/2021, 19:03:41 : 765572771605512212 : 320246577023287299 : $stock graph AF.PA
03/05/2021, 19:03:44 : 765572771605512212 : 760912725751758869 : $work
03/05/2021, 19:04:18 : 765572771605512212 : 320246577023287299 : $stock list
03/05/2021, 19:04:34 : 765572771605512212 : 320246577023287299 : $stock graph CL=F
03/05/2021, 19:05:22 : 765572771605512212 : 320246577023287299 : $bankaccount consult
03/05/2021, 19:06:07 : 765572771605512212 : 320246577023287299 : $stock value AAPL
03/05/2021, 19:11:57 : 765572771605512212 : 320246577023287299 : $stock value AAPL
03/05/2021, 19:12:17 : 765572771605512212 : 320246577023287299 : $stock sell AAPL 2
03/05/2021, 19:22:57 : 765572771605512212 : 320246577023287299 : $stock sell AAPL 4
03/05/2021, 20:10:57 : 765572771605512212 : 760912725751758869 : $work
03/05/2021, 20:11:14 : 765572771605512212 : 760912725751758869 : $list top10
03/05/2021, 20:12:11 : 765572771605512212 : 278201263882108930 : $work
03/05/2021, 20:13:09 : 765572771605512212 : 320246577023287299 : $work
03/05/2021, 21:16:23 : 765572771605512212 : 760912725751758869 : $work
03/05/2021, 21:41:45 : 765572771605512212 : 320246577023287299 : $work
03/05/2021, 22:41:25 : 765572771605512212 : 320246577023287299 : $work
03/05/2021, 22:47:17 : 765572771605512212 : 320246577023287299 : $stock list
03/05/2021, 23:23:09 : 765572771605512212 : 278201263882108930 : $work
03/05/2021, 23:34:59 : 765572771605512212 : 368425096739815424 : $work
03/05/2021, 23:50:54 : 765572771605512212 : 320246577023287299 : $work
03/06/2021, 00:16:03 : 765572771605512212 : 320246577023287299 : $stock list
03/06/2021, 00:17:15 : 765572771605512212 : 320246577023287299 : $stock value CL=F
03/06/2021, 00:19:18 : 765572771605512212 : 320246577023287299 : $stock list
03/06/2021, 00:19:48 : 765572771605512212 : 320246577023287299 : $stock list
03/06/2021, 00:22:13 : 765572771605512212 : 320246577023287299 : $stock list
03/06/2021, 00:22:50 : 765572771605512212 : 320246577023287299 : $stock list
03/06/2021, 00:23:20 : 765572771605512212 : 320246577023287299 : $stock list
03/06/2021, 00:23:59 : 765572771605512212 : 320246577023287299 : $stock list
03/06/2021, 00:24:46 : 765572771605512212 : 320246577023287299 : $stock list
03/06/2021, 00:25:02 : 765572771605512212 : 320246577023287299 : $stock list
03/06/2021, 01:23:58 : 765572771605512212 : 320246577023287299 : $work
03/06/2021, 01:24:10 : 765572771605512212 : 320246577023287299 : $list top10
03/06/2021, 08:45:42 : 765572771605512212 : 760912725751758869 : $work
03/06/2021, 09:14:22 : 765572771605512212 : 320246577023287299 : $work
03/06/2021, 10:01:51 : 765572771605512212 : 760912725751758869 : $work
03/06/2021, 10:13:34 : 765572771605512212 : 316984092262662146 : $work
03/06/2021, 10:35:08 : 765572771605512212 : 320246577023287299 : $work
03/06/2021, 11:08:45 : 765572771605512212 : 760912725751758869 : $work
03/06/2021, 11:40:31 : 765572771605512212 : 320246577023287299 : $work
03/06/2021, 11:40:45 : 765572771605512212 : 320246577023287299 : $stock list
03/06/2021, 11:57:18 : 765572771605512212 : 316984092262662146 : $work
03/06/2021, 12:13:42 : 765572771605512212 : 368425096739815424 : $work
03/06/2021, 12:38:29 : 765572771605512212 : 760912725751758869 : $work
03/06/2021, 12:39:55 : 765572771605512212 : 219789811806896128 : $work
03/06/2021, 12:47:07 : 765572771605512212 : 467749129641263105 : $work
03/06/2021, 12:48:49 : 765572771605512212 : 320246577023287299 : $work
03/06/2021, 14:28:07 : 765572771605512212 : 316984092262662146 : $work
03/06/2021, 14:30:08 : 765572771605512212 : 760912725751758869 : $wotk
03/06/2021, 14:47:13 : 765572771605512212 : 219789811806896128 : $work
03/06/2021, 15:43:11 : 765572771605512212 : 316984092262662146 : $work
03/06/2021, 15:55:14 : 765572771605512212 : 760912725751758869 : $work
03/06/2021, 16:00:47 : 765572771605512212 : 219789811806896128 : $work
03/06/2021, 16:42:47 : 765572771605512212 : 320246577023287299 : $work
03/06/2021, 16:45:13 : 765572771605512212 : 320246577023287299 : $list top10
03/06/2021, 16:50:52 : 765572771605512212 : 316984092262662146 : $work
03/06/2021, 16:55:16 : 765572771605512212 : 760912725751758869 : $work
03/06/2021, 16:55:34 : 765572771605512212 : 278201263882108930 : $work
03/06/2021, 17:02:58 : 765572771605512212 : 219789811806896128 : $work
03/06/2021, 17:57:01 : 765572771605512212 : 760912725751758869 : $work
03/06/2021, 18:21:41 : 765572771605512212 : 368425096739815424 : $work
03/06/2021, 19:19:44 : 765572771605512212 : 320246577023287299 : $work
03/06/2021, 19:35:53 : 765572771605512212 : 760912725751758869 : $work
03/06/2021, 20:08:46 : 765572771605512212 : 219789811806896128 : $work
03/06/2021, 20:19:20 : 765572771605512212 : 320246577023287299 : $work
03/06/2021, 20:29:30 : 765572771605512212 : 368425096739815424 : $work
03/06/2021, 20:37:43 : 765572771605512212 : 760912725751758869 : $work
03/06/2021, 21:42:31 : 765572771605512212 : 760912725751758869 : $work
03/06/2021, 21:42:43 : 765572771605512212 : 760912725751758869 : $list top10
03/06/2021, 21:59:23 : 765572771605512212 : 278201263882108930 : $work
03/06/2021, 22:52:00 : 765572771605512212 : 760912725751758869 : $work
03/06/2021, 23:02:38 : 765572771605512212 : 278201263882108930 : $work
03/06/2021, 23:36:34 : 765572771605512212 : 320246577023287299 : $work
03/06/2021, 23:39:52 : 765572771605512212 : 368425096739815424 : $work
03/07/2021, 00:30:22 : 765572771605512212 : 410160770710503425 : $work
03/07/2021, 00:58:00 : 765572771605512212 : 320246577023287299 : $work
03/07/2021, 08:56:25 : 765572771605512212 : 760912725751758869 : $work
03/07/2021, 09:08:59 : 765572771605512212 : 320246577023287299 : $work
03/07/2021, 09:13:19 : 765572771605512212 : 316984092262662146 : $work
03/07/2021, 09:47:21 : 765572771605512212 : 278201263882108930 : $work
03/07/2021, 09:56:46 : 765572771605512212 : 760912725751758869 : $work
03/07/2021, 10:33:44 : 765572771605512212 : 368425096739815424 : $work
03/07/2021, 10:43:37 : 765572771605512212 : 316984092262662146 : $work
03/07/2021, 10:43:39 : 765572771605512212 : 219789811806896128 : $work
03/07/2021, 11:15:16 : 765572771605512212 : 320246577023287299 : $work
03/07/2021, 11:20:30 : 765572771605512212 : 760912725751758869 : $work
03/07/2021, 13:43:50 : 765572771605512212 : 320246577023287299 : $work
03/07/2021, 13:55:58 : 765572771605512212 : 316984092262662146 : $work
03/07/2021, 13:56:12 : 765572771605512212 : 316984092262662146 : $list top 10
03/07/2021, 13:56:32 : 765572771605512212 : 316984092262662146 : $list top10
03/07/2021, 14:20:32 : 765572771605512212 : 760912725751758869 : $work
03/07/2021, 14:53:31 : 765572771605512212 : 368425096739815424 : $work
03/07/2021, 14:54:10 : 765572771605512212 : 320246577023287299 : $work
03/07/2021, 14:57:51 : 765572771605512212 : 316984092262662146 : $work
03/07/2021, 15:00:32 : 765572771605512212 : 320246577023287299 : $stock list
03/07/2021, 15:25:30 : 765572771605512212 : 278201263882108930 : $work
03/07/2021, 15:34:52 : 765572771605512212 : 760912725751758869 : $work
03/07/2021, 15:55:35 : 765572771605512212 : 368425096739815424 : $work
03/07/2021, 16:04:45 : 765572771605512212 : 320246577023287299 : $work
03/07/2021, 16:49:55 : 765572771605512212 : 316984092262662146 : $work
03/07/2021, 17:01:59 : 765572771605512212 : 368425096739815424 : $work
03/07/2021, 17:09:44 : 765572771605512212 : 320246577023287299 : $work
03/07/2021, 17:19:25 : 765572771605512212 : 760912725751758869 : $work
03/07/2021, 17:51:13 : 765572771605512212 : 368425096739815424 : $list top10
03/07/2021, 18:22:53 : 765572771605512212 : 760912725751758869 : $work
03/07/2021, 19:36:52 : 765572771605512212 : 320246577023287299 : $work
03/07/2021, 19:38:31 : 765572771605512212 : 760912725751758869 : $work
03/07/2021, 20:36:37 : 765572771605512212 : 320246577023287299 : $work
